2025-03-17 15:55:05,153 - INFO - {"timestamp": "2025-03-17T15:55:05.153481", "stage": "ETL Job", "status": "STARTED", "file_key": "custinvoicejour", "database": "prod_source", "table": "custinvoicejour"}
2025-03-17 15:55:35,066 - INFO - Skipping processing of raw/CUSTINVOICEJOUR.parquet. The file is not newer than the table.
2025-03-17 16:25:00,011 - INFO - {"timestamp": "2025-03-17T16:25:00.011340", "stage": "ETL Job", "status": "STARTED", "file_key": "custinvoicejour", "database": "prod_source", "table": "custinvoicejour"}
2025-03-17 16:25:10,610 - ERROR - {"timestamp": "2025-03-17T16:25:10.610367", "stage": "ETL Job", "status": "failed", "error_message": "log_etl_status() missing 1 required positional argument: 'status'"}
2025-03-17 16:25:10,646 - ERROR - Error processing ETL job: log_etl_status() missing 1 required positional argument: 'status'
2025-03-17 16:27:38,220 - INFO - {"timestamp": "2025-03-17T16:27:38.220539", "stage": "ETL Job", "status": "STARTED", "file_key": "custinvoicejour", "database": "prod_source", "table": "custinvoicejour"}
2025-03-17 16:27:46,791 - ERROR - {"timestamp": "2025-03-17T16:27:46.791410", "stage": "ETL Job", "status": "failed", "error_message": "log_system_metrics() missing 1 required positional argument: 'status'"}
2025-03-17 16:27:46,791 - ERROR - Error processing ETL job: log_system_metrics() missing 1 required positional argument: 'status'
2025-03-17 16:29:58,474 - INFO - {"timestamp": "2025-03-17T16:29:58.474950", "stage": "ETL Job", "status": "STARTED", "file_key": "custinvoicejour", "database": "prod_source", "table": "custinvoicejour"}
2025-03-17 16:30:08,818 - INFO - {"timestamp": "2025-03-17T16:30:08.818239", "stage": "EXTRACT", "status": "Completed", "file_key": "custinvoicejour", "database": "prod_source", "table": "custinvoicejour", "total_records": 146623, "execution_time": 6.292982, "memory_usage": 44.5, "cpu_usage": 27.2}
2025-03-17 16:30:14,790 - INFO - {"timestamp": "2025-03-17T16:30:14.790249", "stage": "TRANSFORM", "status": "Completed", "file_key": "custinvoicejour", "database": "prod_source", "table": "custinvoicejour", "total_records": 146623, "execution_time": 4.950136, "memory_usage": 45.0, "cpu_usage": 7.7}
2025-03-17 16:31:23,995 - INFO - New records: 0, Updated records: 0
2025-03-17 16:31:26,038 - INFO - {"timestamp": "2025-03-17T16:31:26.038995", "stage": "LOAD", "status": "Completed", "file_key": "custinvoicejour", "database": "prod_source", "table": "custinvoicejour", "total_records": 146623, "execution_time": 70.2185, "memory_usage": 48.3, "cpu_usage": 15.7}
2025-03-17 16:36:12,240 - INFO - {"timestamp": "2025-03-17T16:36:12.240499", "stage": "ETL Job", "status": "STARTED", "file_key": "custinvoicejour", "database": "prod_source", "table": "custinvoicejour"}
2025-03-17 16:36:22,215 - INFO - {"timestamp": "2025-03-17T16:36:22.215598", "stage": "EXTRACT", "status": "Completed", "file_key": "custinvoicejour", "database": "prod_source", "table": "custinvoicejour", "total_records": 146623, "execution_time": 6.256672, "memory_usage": 44.8, "cpu_usage": 2.4}
2025-03-17 16:36:27,986 - INFO - {"timestamp": "2025-03-17T16:36:27.986418", "stage": "TRANSFORM", "status": "Completed", "file_key": "custinvoicejour", "database": "prod_source", "table": "custinvoicejour", "total_records": 146623, "execution_time": 4.750482, "memory_usage": 45.1, "cpu_usage": 3.9}
2025-03-17 16:37:32,791 - INFO - New records: 0, Updated records: 0
2025-03-17 16:37:34,810 - INFO - {"timestamp": "2025-03-17T16:37:34.810757", "stage": "LOAD", "status": "Completed", "file_key": "custinvoicejour", "database": "prod_source", "table": "custinvoicejour", "total_records": 146623, "execution_time": 65.809669, "memory_usage": 48.3, "cpu_usage": 12.5}
2025-03-17 17:11:46,160 - INFO - {"timestamp": "2025-03-17T17:11:46.160258", "stage": "ETL Job", "status": "STARTED", "file_key": "custinvoicejour", "database": "prod_source", "table": "custinvoicejour"}
2025-03-17 17:11:56,497 - INFO - {"timestamp": "2025-03-17T17:11:56.497338", "stage": "EXTRACT", "status": "Completed", "file_key": "custinvoicejour", "database": "prod_source", "table": "custinvoicejour", "total_records": 146623, "execution_time": 6.132473, "memory_usage": 46.8, "cpu_usage": 4.1}
2025-03-17 17:12:02,182 - INFO - {"timestamp": "2025-03-17T17:12:02.182786", "stage": "TRANSFORM", "status": "Completed", "file_key": "custinvoicejour", "database": "prod_source", "table": "custinvoicejour", "total_records": 146623, "execution_time": 4.671041, "memory_usage": 47.1, "cpu_usage": 2.8}
2025-03-17 17:16:54,881 - INFO - {"timestamp": "2025-03-17T17:16:54.881113", "stage": "LOAD", "status": "Completed", "file_key": "custinvoicejour", "database": "prod_source", "table": "custinvoicejour", "total_records": 146623, "execution_time": 291.677052, "memory_usage": 45.2, "cpu_usage": 8.6}
