2025-03-20 15:14:27,204 [INFO] ETL Pipeline started for job: daily_SRC_salesline
2025-03-20 15:14:27,204 [INFO] Starting Extract
2025-03-20 15:14:27,263 [DEBUG] Making request: POST https://oauth2.googleapis.com/token
2025-03-20 15:14:42,824 [INFO] Extracted 649304 records from GCS.
2025-03-20 15:14:42,958 [INFO] Completed Extract in 15.75 seconds, memory used: 1852.92 MB, CPU used: 32.00%
2025-03-20 15:14:42,960 [INFO] Starting Transform
2025-03-20 15:14:58,771 [INFO] Transformed 649304 records.
2025-03-20 15:14:58,772 [INFO] Completed Transform in 15.81 seconds, memory used: 1404.58 MB, CPU used: 16.50%
2025-03-20 15:14:58,772 [INFO] Starting Load
2025-03-20 15:17:38,634 [INFO] Loading 649304 records into prod_source.salesline.
2025-03-20 15:17:40,572 [DEBUG] 🔑 Primary key for prod_source.salesline: RECID
2025-03-20 15:17:44,494 [DEBUG] 📝 Parsed data rows count: 649304
2025-03-20 15:19:18,057 [DEBUG] ✔️ Valid rows count: 649304
2025-03-20 15:19:40,563 [DEBUG] 🚀 Starting batch insert: 649304 rows to insert.
2025-03-20 15:19:48,166 [INFO] ✅ Batch 1/65 inserted successfully in 5.52s
2025-03-20 15:19:54,100 [INFO] ✅ Batch 2/65 inserted successfully in 4.19s
2025-03-20 15:19:59,950 [INFO] ✅ Batch 3/65 inserted successfully in 4.18s
2025-03-20 15:20:05,478 [INFO] ✅ Batch 4/65 inserted successfully in 3.90s
2025-03-20 15:20:11,104 [INFO] ✅ Batch 5/65 inserted successfully in 4.11s
2025-03-20 15:20:16,444 [INFO] ✅ Batch 6/65 inserted successfully in 3.98s
2025-03-20 15:20:21,971 [INFO] ✅ Batch 7/65 inserted successfully in 4.15s
2025-03-20 15:20:28,535 [INFO] ✅ Batch 8/65 inserted successfully in 5.15s
2025-03-20 15:20:34,021 [INFO] ✅ Batch 9/65 inserted successfully in 4.11s
2025-03-20 15:20:39,562 [INFO] ✅ Batch 10/65 inserted successfully in 4.15s
2025-03-20 15:20:45,609 [INFO] ✅ Batch 11/65 inserted successfully in 4.66s
2025-03-20 15:20:51,099 [INFO] ✅ Batch 12/65 inserted successfully in 4.13s
2025-03-20 15:20:56,657 [INFO] ✅ Batch 13/65 inserted successfully in 4.24s
2025-03-20 15:21:02,468 [INFO] ✅ Batch 14/65 inserted successfully in 4.51s
2025-03-20 15:21:08,003 [INFO] ✅ Batch 15/65 inserted successfully in 4.24s
2025-03-20 15:21:13,574 [INFO] ✅ Batch 16/65 inserted successfully in 4.27s
2025-03-20 15:21:19,342 [INFO] ✅ Batch 17/65 inserted successfully in 4.48s
2025-03-20 15:21:24,813 [INFO] ✅ Batch 18/65 inserted successfully in 4.17s
2025-03-20 15:21:30,169 [INFO] ✅ Batch 19/65 inserted successfully in 3.99s
2025-03-20 15:21:35,537 [INFO] ✅ Batch 20/65 inserted successfully in 3.99s
2025-03-20 15:21:40,925 [INFO] ✅ Batch 21/65 inserted successfully in 4.05s
2025-03-20 15:21:46,430 [INFO] ✅ Batch 22/65 inserted successfully in 4.17s
2025-03-20 15:21:51,881 [INFO] ✅ Batch 23/65 inserted successfully in 4.16s
2025-03-20 15:21:57,424 [INFO] ✅ Batch 24/65 inserted successfully in 4.26s
2025-03-20 15:22:02,817 [INFO] ✅ Batch 25/65 inserted successfully in 4.07s
2025-03-20 15:22:08,266 [INFO] ✅ Batch 26/65 inserted successfully in 4.08s
2025-03-20 15:22:13,560 [INFO] ✅ Batch 27/65 inserted successfully in 4.03s
2025-03-20 15:22:18,903 [INFO] ✅ Batch 28/65 inserted successfully in 4.07s
2025-03-20 15:22:24,364 [INFO] ✅ Batch 29/65 inserted successfully in 4.19s
2025-03-20 15:22:30,014 [INFO] ✅ Batch 30/65 inserted successfully in 4.37s
2025-03-20 15:22:35,317 [INFO] ✅ Batch 31/65 inserted successfully in 4.03s
2025-03-20 15:22:40,816 [INFO] ✅ Batch 32/65 inserted successfully in 4.22s
2025-03-20 15:22:46,359 [INFO] ✅ Batch 33/65 inserted successfully in 4.26s
2025-03-20 15:22:51,766 [INFO] ✅ Batch 34/65 inserted successfully in 4.15s
2025-03-20 15:22:57,417 [INFO] ✅ Batch 35/65 inserted successfully in 4.37s
2025-03-20 15:23:02,937 [INFO] ✅ Batch 36/65 inserted successfully in 4.25s
2025-03-20 15:23:08,680 [INFO] ✅ Batch 37/65 inserted successfully in 4.47s
2025-03-20 15:23:13,993 [INFO] ✅ Batch 38/65 inserted successfully in 4.06s
2025-03-20 15:23:19,524 [INFO] ✅ Batch 39/65 inserted successfully in 4.25s
2025-03-20 15:23:25,128 [INFO] ✅ Batch 40/65 inserted successfully in 4.34s
2025-03-20 15:23:30,909 [INFO] ✅ Batch 41/65 inserted successfully in 4.48s
2025-03-20 15:23:36,715 [INFO] ✅ Batch 42/65 inserted successfully in 4.49s
2025-03-20 15:23:42,100 [INFO] ✅ Batch 43/65 inserted successfully in 4.09s
2025-03-20 15:23:47,832 [INFO] ✅ Batch 44/65 inserted successfully in 4.43s
2025-03-20 15:23:53,526 [INFO] ✅ Batch 45/65 inserted successfully in 4.40s
2025-03-20 15:23:58,910 [INFO] ✅ Batch 46/65 inserted successfully in 4.09s
2025-03-20 15:24:04,393 [INFO] ✅ Batch 47/65 inserted successfully in 4.19s
2025-03-20 15:24:09,861 [INFO] ✅ Batch 48/65 inserted successfully in 4.14s
2025-03-20 15:24:15,493 [INFO] ✅ Batch 49/65 inserted successfully in 4.33s
2025-03-20 15:24:21,054 [INFO] ✅ Batch 50/65 inserted successfully in 4.24s
2025-03-20 15:24:26,415 [INFO] ✅ Batch 51/65 inserted successfully in 3.99s
2025-03-20 15:24:29,152 [DEBUG] connection expiration
2025-03-20 15:24:33,691 [INFO] ✅ Batch 52/65 inserted successfully in 5.83s
2025-03-20 15:24:40,423 [INFO] ✅ Batch 53/65 inserted successfully in 5.31s
2025-03-20 15:24:46,568 [INFO] ✅ Batch 54/65 inserted successfully in 4.87s
2025-03-20 15:24:52,345 [INFO] ✅ Batch 55/65 inserted successfully in 4.51s
2025-03-20 15:24:58,196 [INFO] ✅ Batch 56/65 inserted successfully in 4.58s
2025-03-20 15:25:04,036 [INFO] ✅ Batch 57/65 inserted successfully in 4.57s
2025-03-20 15:25:09,930 [INFO] ✅ Batch 58/65 inserted successfully in 4.63s
2025-03-20 15:25:15,490 [INFO] ✅ Batch 59/65 inserted successfully in 4.28s
2025-03-20 15:25:21,301 [INFO] ✅ Batch 60/65 inserted successfully in 4.51s
2025-03-20 15:25:27,017 [INFO] ✅ Batch 61/65 inserted successfully in 4.41s
2025-03-20 15:25:32,806 [INFO] ✅ Batch 62/65 inserted successfully in 4.40s
2025-03-20 15:25:38,597 [INFO] ✅ Batch 63/65 inserted successfully in 4.52s
2025-03-20 15:25:44,414 [INFO] ✅ Batch 64/65 inserted successfully in 4.52s
2025-03-20 15:25:49,803 [INFO] ✅ Batch 65/65 inserted successfully in 4.12s
2025-03-20 15:25:49,804 [INFO] ✅ Insert completed: 649304 rows in 369.24s
2025-03-20 15:25:49,807 [DEBUG] ⚙️ Optimizing table with query: OPTIMIZE TABLE prod_source.salesline FINAL
2025-03-20 15:25:54,562 [INFO] Query of type 'INSERT' for table prod_source.salesline has been generated.
2025-03-20 15:25:54,693 [INFO] Completed Load in 655.92 seconds, memory used: -2915.86 MB, CPU used: 14.40%
2025-03-20 15:25:54,695 [INFO] ETL Pipeline completed for job: daily_SRC_salesline in 687.49 seconds, total memory used: 341.93 MB, total CPU used: 0.00%
