2025-03-28 10:51:23,828 [INFO] ETL Pipeline started for job: daily_SRC_retailtransactionsalestrans
2025-03-28 10:51:25,861 [INFO] Starting Extract
2025-03-28 10:51:25,937 [DEBUG] Making request: POST https://oauth2.googleapis.com/token
2025-03-28 10:51:51,314 [INFO] Extracted 1171245 records from GCS.
2025-03-28 10:51:51,497 [INFO] Completed Extract in 25.64 seconds, memory used: 2493.83 MB, CPU used: 16.90%
2025-03-28 10:51:51,497 [INFO] Starting Transform
2025-03-28 10:52:10,869 [INFO] Transformed 1171245 records.
2025-03-28 10:52:10,875 [INFO] Completed Transform in 19.38 seconds, memory used: 1347.03 MB, CPU used: 19.00%
2025-03-28 10:52:10,875 [INFO] Starting Load
2025-03-28 10:53:39,169 [INFO] ETL Pipeline started for job: daily_SRC_retailtransactionsalestrans
2025-03-28 10:53:41,198 [INFO] Starting Extract
2025-03-28 10:53:41,271 [DEBUG] Making request: POST https://oauth2.googleapis.com/token
2025-03-28 10:54:01,133 [INFO] Extracted 1171245 records from GCS.
2025-03-28 10:54:01,302 [INFO] Completed Extract in 20.10 seconds, memory used: 2519.66 MB, CPU used: 15.70%
2025-03-28 10:54:01,302 [INFO] Starting Transform
2025-03-28 10:54:18,713 [INFO] ETL Pipeline started for job: daily_SRC_retailtransactionsalestrans
2025-03-28 10:54:20,738 [INFO] Starting Extract
2025-03-28 10:54:20,812 [DEBUG] Making request: POST https://oauth2.googleapis.com/token
2025-03-28 10:54:44,303 [INFO] Extracted 1171245 records from GCS.
2025-03-28 10:54:44,466 [INFO] Completed Extract in 23.73 seconds, memory used: 2499.01 MB, CPU used: 11.30%
2025-03-28 10:54:44,473 [INFO] Starting Transform
2025-03-28 10:54:52,608 [INFO] Transformed 400000 records.
2025-03-28 10:54:52,608 [INFO] Completed Transform in 8.14 seconds, memory used: -310.18 MB, CPU used: 18.70%
2025-03-28 10:54:52,608 [INFO] Starting Load
2025-03-28 10:56:21,287 [INFO] Loading 400000 records into prod_source.retailtransactionsalestrans.
2025-03-28 10:56:23,461 [DEBUG] 🔑 Primary key for prod_source.retailtransactionsalestrans: RECID
2025-03-28 10:56:24,164 [DEBUG] 📝 Parsed data rows count: 400000
2025-03-28 10:57:06,347 [DEBUG] ✔️ Valid rows count: 400000
2025-03-28 10:57:12,161 [DEBUG] 🚀 Starting batch insert: 400000 rows to insert.
2025-03-28 10:57:19,467 [INFO] ✅ Batch 1/40 inserted successfully in 6.81s
2025-03-28 10:57:24,999 [INFO] ✅ Batch 2/40 inserted successfully in 5.04s
2025-03-28 10:57:30,528 [INFO] ✅ Batch 3/40 inserted successfully in 5.03s
2025-03-28 10:57:35,330 [INFO] ✅ Batch 4/40 inserted successfully in 4.33s
2025-03-28 10:57:40,665 [INFO] ✅ Batch 5/40 inserted successfully in 4.85s
2025-03-28 10:57:45,263 [INFO] ✅ Batch 6/40 inserted successfully in 4.12s
2025-03-28 10:57:49,875 [INFO] ✅ Batch 7/40 inserted successfully in 4.12s
2025-03-28 10:57:55,519 [INFO] ✅ Batch 8/40 inserted successfully in 5.18s
2025-03-28 10:58:00,739 [INFO] ✅ Batch 9/40 inserted successfully in 4.79s
2025-03-28 10:58:05,754 [INFO] ✅ Batch 10/40 inserted successfully in 4.58s
2025-03-28 10:58:10,658 [INFO] ✅ Batch 11/40 inserted successfully in 4.48s
2025-03-28 10:58:15,589 [INFO] ✅ Batch 12/40 inserted successfully in 4.53s
2025-03-28 10:58:20,497 [INFO] ✅ Batch 13/40 inserted successfully in 4.54s
2025-03-28 10:58:25,504 [INFO] ✅ Batch 14/40 inserted successfully in 4.63s
2025-03-28 10:58:31,149 [INFO] ✅ Batch 15/40 inserted successfully in 5.27s
2025-03-28 10:58:36,474 [INFO] ✅ Batch 16/40 inserted successfully in 4.94s
2025-03-28 10:58:41,689 [INFO] ✅ Batch 17/40 inserted successfully in 4.82s
2025-03-28 10:58:47,288 [INFO] ✅ Batch 18/40 inserted successfully in 5.20s
2025-03-28 10:58:52,359 [INFO] ✅ Batch 19/40 inserted successfully in 4.67s
2025-03-28 10:58:57,560 [INFO] ✅ Batch 20/40 inserted successfully in 4.81s
2025-03-28 10:59:02,788 [INFO] ✅ Batch 21/40 inserted successfully in 4.83s
2025-03-28 10:59:07,898 [INFO] ✅ Batch 22/40 inserted successfully in 4.72s
2025-03-28 10:59:12,828 [INFO] ✅ Batch 23/40 inserted successfully in 4.54s
2025-03-28 10:59:17,638 [INFO] ✅ Batch 24/40 inserted successfully in 4.43s
2025-03-28 10:59:22,657 [INFO] ✅ Batch 25/40 inserted successfully in 4.63s
2025-03-28 10:59:27,767 [INFO] ✅ Batch 26/40 inserted successfully in 4.72s
2025-03-28 10:59:32,596 [INFO] ✅ Batch 27/40 inserted successfully in 4.44s
2025-03-28 10:59:37,598 [INFO] ✅ Batch 28/40 inserted successfully in 4.62s
2025-03-28 10:59:42,308 [INFO] ✅ Batch 29/40 inserted successfully in 4.32s
2025-03-28 10:59:47,023 [INFO] ✅ Batch 30/40 inserted successfully in 4.32s
2025-03-28 10:59:51,877 [INFO] ✅ Batch 31/40 inserted successfully in 4.48s
2025-03-28 10:59:56,642 [INFO] ✅ Batch 32/40 inserted successfully in 4.38s
2025-03-28 11:00:01,775 [INFO] ✅ Batch 33/40 inserted successfully in 4.76s
2025-03-28 11:00:07,606 [INFO] ✅ Batch 34/40 inserted successfully in 5.46s
2025-03-28 11:00:13,241 [INFO] ✅ Batch 35/40 inserted successfully in 5.26s
2025-03-28 11:00:18,364 [INFO] ✅ Batch 36/40 inserted successfully in 4.74s
2025-03-28 11:00:23,471 [INFO] ✅ Batch 37/40 inserted successfully in 4.75s
2025-03-28 11:00:29,005 [INFO] ✅ Batch 38/40 inserted successfully in 5.16s
2025-03-28 11:00:34,031 [INFO] ✅ Batch 39/40 inserted successfully in 4.66s
2025-03-28 11:00:39,042 [INFO] ✅ Batch 40/40 inserted successfully in 4.64s
2025-03-28 11:00:39,042 [INFO] ✅ Insert completed: 400000 rows in 206.88s
2025-03-28 11:00:39,050 [DEBUG] ⚙️ Optimizing table with query: OPTIMIZE TABLE prod_source.retailtransactionsalestrans FINAL
2025-03-28 11:00:40,853 [INFO] Query of type 'INSERT' for table prod_source.retailtransactionsalestrans has been generated.
2025-03-28 11:00:40,863 [INFO] Completed Load in 348.25 seconds, memory used: -50.82 MB, CPU used: 10.80%
2025-03-28 11:00:41,865 [INFO] ETL Pipeline completed for job: daily_SRC_retailtransactionsalestrans in 382.15 seconds, total memory used: 2138.01 MB, total CPU used: 17.65%
